<?xml version="1.0" encoding="UTF-8"?>
<robot generator="Robot 4.1.3 (Python 3.10.1 on win32)" generated="20220609 01:07:54.494" rpa="false" schemaversion="2">
<suite id="s1" name="Robot Interactive Console" source="c:\Users\rachi\.vscode\extensions\robocorp.robotframework-lsp-0.48.2\src\robotframework_ls\vendored\robotframework_interactive\robot_interactive_console.robot">
<test id="s1-t1" name="Default Task/Test">
<kw name="Interpreter Main Loop" library="MainLoop">
<kw name="Requisitar todos Pedido">
<msg timestamp="20220609 01:08:04.258" level="FAIL">No keyword with name 'Requisitar todos Pedido' found.</msg>
<status status="FAIL" starttime="20220609 01:08:04.257" endtime="20220609 01:08:04.258"/>
</kw>
<status status="PASS" starttime="20220609 01:07:54.631" endtime="20220609 01:08:09.288"/>
</kw>
<status status="PASS" starttime="20220609 01:07:54.630" endtime="20220609 01:08:09.288"/>
</test>
<status status="PASS" starttime="20220609 01:07:54.508" endtime="20220609 01:08:09.292"/>
</suite>
<statistics>
<total>
<stat pass="1" fail="0" skip="0">All Tests</stat>
</total>
<tag>
</tag>
<suite>
<stat pass="1" fail="0" skip="0" id="s1" name="Robot Interactive Console">Robot Interactive Console</stat>
</suite>
</statistics>
<errors>
</errors>
</robot>
