<?xml version="1.0" encoding="UTF-8"?>
<robot generator="Robot 4.1.3 (Python 3.10.1 on win32)" generated="20220623 00:15:22.879" rpa="false" schemaversion="2">
<suite id="s1" name="TesteCaseAPIAmourAmour" source="C:\Users\rachi\Documents\Rachid\Estudos\Projeto_Integrador_2\projeto-integrador-2-tests\TesteAPI_AmourAmour\TesteCaseAPIAmourAmour.robot">
<kw name="Conectar a minha API" library="ResourceAPI" type="SETUP">
<kw name="Create Session" library="RequestsLibrary">
<arg>API_AMOUR</arg>
<arg>${URL_API}</arg>
<doc>Create Session: create a HTTP session to a server</doc>
<msg timestamp="20220623 00:15:23.855" level="INFO">Creating Session using : alias=API_AMOUR, url=https://amouramour-api.herokuapp.com, headers={},                     cookies={}, auth=None, timeout=None, proxies=None, verify=False,                     debug=0 </msg>
<status status="PASS" starttime="20220623 00:15:23.855" endtime="20220623 00:15:23.856"/>
</kw>
<status status="PASS" starttime="20220623 00:15:23.848" endtime="20220623 00:15:23.856"/>
</kw>
<test id="s1-t1" name="Buscar todos os produtos">
<kw name="Requisitar todos produtos" library="ResourceAPI">
<kw name="Get Request" library="RequestsLibrary">
<var>${RESPOSTA}</var>
<arg>API_AMOUR</arg>
<arg>Produto</arg>
<doc>*DEPRECATED* Please use `GET On Session` instead.</doc>
<msg timestamp="20220623 00:15:23.859" level="WARN">Keyword 'RequestsLibrary.Get Request' is deprecated. Please use `GET On Session` instead.</msg>
<msg timestamp="20220623 00:15:32.067" level="INFO">GET Request : url=https://amouramour-api.herokuapp.com/Produto 
 path_url=/Produto 
 headers={'User-Agent': 'python-requests/2.27.1', 'Accept-Encoding': 'gzip, deflate', 'Accept': '*/*', 'Connection': 'keep-alive'} 
 body=None 
 </msg>
<msg timestamp="20220623 00:15:32.067" level="INFO">GET Response : url=https://amouramour-api.herokuapp.com/Produto 
 status=200, reason=OK 
 headers={'Connection': 'keep-alive', 'Server': 'gunicorn', 'Date': 'Thu, 23 Jun 2022 03:15:32 GMT', 'Content-Type': 'application/json', 'Vary': 'Accept, Origin, Cookie', 'Allow': 'GET, POST, HEAD, OPTIONS', 'X-Frame-Options': 'DENY', 'Content-Length': '407', 'X-Content-Type-Options': 'nosniff', 'Referrer-Policy': 'same-origin', 'Cross-Origin-Opener-Policy': 'same-origin', 'Via': '1.1 vegur'} 
 body={"count":3,"next":null,"previous":null,"results":[{"id":14,"descricao":"Calça Infantil","tamanho":"P","cor":"Verde","valor_custo":10.0,"valor_venda":20.0,"obs":"teste"},{"id":4,"descricao":"Macacão Infantil","tamanho":"P","cor":"Verde","valor_custo":10.0,"valor_venda":20.0,"obs":"teste"},{"id":34,"descricao":"teste2","tamanho":"teste","cor":"teste","valor_custo":10.0,"valor_venda":20.0,"obs":"teste"}]} 
 </msg>
<msg timestamp="20220623 00:15:32.067" level="INFO">C:\Users\rachi\AppData\Local\Programs\Python\Python310\lib\site-packages\urllib3\connectionpool.py:1043: InsecureRequestWarning: Unverified HTTPS request is being made to host 'amouramour-api.herokuapp.com'. Adding certificate verification is strongly advised. See: https://urllib3.readthedocs.io/en/1.26.x/advanced-usage.html#ssl-warnings
  warnings.warn(</msg>
<msg timestamp="20220623 00:15:32.067" level="INFO">${RESPOSTA} = &lt;Response [200]&gt;</msg>
<status status="PASS" starttime="20220623 00:15:23.859" endtime="20220623 00:15:32.067"/>
</kw>
<kw name="Log" library="BuiltIn">
<arg>${RESPOSTA.text}</arg>
<doc>Logs the given message with the given level.</doc>
<msg timestamp="20220623 00:15:32.081" level="INFO">{"count":3,"next":null,"previous":null,"results":[{"id":14,"descricao":"Calça Infantil","tamanho":"P","cor":"Verde","valor_custo":10.0,"valor_venda":20.0,"obs":"teste"},{"id":4,"descricao":"Macacão Infantil","tamanho":"P","cor":"Verde","valor_custo":10.0,"valor_venda":20.0,"obs":"teste"},{"id":34,"descricao":"teste2","tamanho":"teste","cor":"teste","valor_custo":10.0,"valor_venda":20.0,"obs":"teste"}]}</msg>
<status status="PASS" starttime="20220623 00:15:32.067" endtime="20220623 00:15:32.081"/>
</kw>
<status status="PASS" starttime="20220623 00:15:23.858" endtime="20220623 00:15:32.082"/>
</kw>
<status status="PASS" starttime="20220623 00:15:23.856" endtime="20220623 00:15:32.083"/>
</test>
<test id="s1-t2" name="Buscar todos os clientes">
<kw name="Requisitar todos clientes" library="ResourceAPI">
<kw name="Get Request" library="RequestsLibrary">
<var>${RESPOSTA}</var>
<arg>API_AMOUR</arg>
<arg>Cliente</arg>
<doc>*DEPRECATED* Please use `GET On Session` instead.</doc>
<msg timestamp="20220623 00:15:32.087" level="WARN">Keyword 'RequestsLibrary.Get Request' is deprecated. Please use `GET On Session` instead.</msg>
<msg timestamp="20220623 00:15:32.406" level="INFO">GET Request : url=https://amouramour-api.herokuapp.com/Cliente 
 path_url=/Cliente 
 headers={'User-Agent': 'python-requests/2.27.1', 'Accept-Encoding': 'gzip, deflate', 'Accept': '*/*', 'Connection': 'keep-alive'} 
 body=None 
 </msg>
<msg timestamp="20220623 00:15:32.406" level="INFO">GET Response : url=https://amouramour-api.herokuapp.com/Cliente 
 status=200, reason=OK 
 headers={'Connection': 'keep-alive', 'Server': 'gunicorn', 'Date': 'Thu, 23 Jun 2022 03:15:32 GMT', 'Content-Type': 'application/json', 'Vary': 'Accept, Origin, Cookie', 'Allow': 'GET, POST, HEAD, OPTIONS', 'X-Frame-Options': 'DENY', 'Content-Length': '2103', 'X-Content-Type-Options': 'nosniff', 'Referrer-Policy': 'same-origin', 'Cross-Origin-Opener-Policy': 'same-origin', 'Via': '1.1 vegur'} 
 body={"count":2,"next":null,"previous":null,"results":[{"id":4,"pedidos":[{"id":14,"produtos":[{"id":14,"descricao":"Calça Infantil","tamanho":"P","cor":"Verde","valor_custo":10.0,"valor_venda":20.0,"obs":"teste"}],"nome_cliente":"João Junqueira","status":"Pagamento realizado","transportadora":"Nova Linea","forma_pagto":"Prazo","parcelas":2,"data_pedido":"2022-06-11","data_entrega":"2022-05-11","obs":"Observação","valor_total_bruto":100.0,"valor_frete":25.5,"desconto":10.0,"valor_total_liquido":90.0,"cliente_id":4,"transportadora_id":14,"forma_pagto_id":14,"status_id":14}],"tipo":1,"nome":"João Junqueira","cpf_cnpj":"12345678","data_nascimento":"2000-02-09","telefone":"35984562541","email":"teste@teste.com","cep":"37904567","logradouro":"Rua teste","numero":null,"bairro":"bairro novo","complemento":null,"cidade":"Franca","uf":"MG","observacoes":null,"ativo":true},{"id":24,"pedidos":[{"id":24,"produtos":[{"id":4,"descricao":"Macacão Infantil","tamanho":"P","cor":"Verde","valor_custo":10.0,"valor_venda":20.0,"obs":"teste"}],"nome_cliente":"Pedro Junqueira","status":"Pagamento realizado","transportadora":"Nova Linea","forma_pagto":"Prazo","parcelas":2,"data_pedido":"2022-06-11","data_entrega":"2022-05-11","obs":"Observação","valor_total_bruto":100.0,"valor_frete":25.5,"desconto":10.0,"valor_total_liquido":90.0,"cliente_id":24,"transportadora_id":14,"forma_pagto_id":14,"status_id":14},{"id":34,"produtos":[],"nome_cliente":"Pedro Junqueira","status":"Pagamento realizado","transportadora":"Nova Linea","forma_pagto":"Prazo","parcelas":2,"data_pedido":"2022-06-11","data_entrega":"2022-05-15","obs":"Observação","valor_total_bruto":100.0,"valor_frete":25.5,"desconto":10.0,"valor_total_liquido":90.0,"cliente_id":24,"transportadora_id":14,"forma_pagto_id":14,"status_id":14}],"tipo":1,"nome":"Pedro Junqueira","cpf_cnpj":"12345678","data_nascimento":"2000-02-09","telefone":"35984562541","email":"teste@teste.com","cep":"37904567","logradouro":"Rua teste","numero":"120","bairro":"bairro novo","complemento":"comple","cidade":"Franca","uf":"MG","observacoes":"Obs","ativo":true}]} 
 </msg>
<msg timestamp="20220623 00:15:32.407" level="INFO">C:\Users\rachi\AppData\Local\Programs\Python\Python310\lib\site-packages\urllib3\connectionpool.py:1043: InsecureRequestWarning: Unverified HTTPS request is being made to host 'amouramour-api.herokuapp.com'. Adding certificate verification is strongly advised. See: https://urllib3.readthedocs.io/en/1.26.x/advanced-usage.html#ssl-warnings
  warnings.warn(</msg>
<msg timestamp="20220623 00:15:32.408" level="INFO">${RESPOSTA} = &lt;Response [200]&gt;</msg>
<status status="PASS" starttime="20220623 00:15:32.087" endtime="20220623 00:15:32.408"/>
</kw>
<kw name="Log" library="BuiltIn">
<arg>${RESPOSTA.text}</arg>
<doc>Logs the given message with the given level.</doc>
<msg timestamp="20220623 00:15:32.411" level="INFO">{"count":2,"next":null,"previous":null,"results":[{"id":4,"pedidos":[{"id":14,"produtos":[{"id":14,"descricao":"Calça Infantil","tamanho":"P","cor":"Verde","valor_custo":10.0,"valor_venda":20.0,"obs":"teste"}],"nome_cliente":"João Junqueira","status":"Pagamento realizado","transportadora":"Nova Linea","forma_pagto":"Prazo","parcelas":2,"data_pedido":"2022-06-11","data_entrega":"2022-05-11","obs":"Observação","valor_total_bruto":100.0,"valor_frete":25.5,"desconto":10.0,"valor_total_liquido":90.0,"cliente_id":4,"transportadora_id":14,"forma_pagto_id":14,"status_id":14}],"tipo":1,"nome":"João Junqueira","cpf_cnpj":"12345678","data_nascimento":"2000-02-09","telefone":"35984562541","email":"teste@teste.com","cep":"37904567","logradouro":"Rua teste","numero":null,"bairro":"bairro novo","complemento":null,"cidade":"Franca","uf":"MG","observacoes":null,"ativo":true},{"id":24,"pedidos":[{"id":24,"produtos":[{"id":4,"descricao":"Macacão Infantil","tamanho":"P","cor":"Verde","valor_custo":10.0,"valor_venda":20.0,"obs":"teste"}],"nome_cliente":"Pedro Junqueira","status":"Pagamento realizado","transportadora":"Nova Linea","forma_pagto":"Prazo","parcelas":2,"data_pedido":"2022-06-11","data_entrega":"2022-05-11","obs":"Observação","valor_total_bruto":100.0,"valor_frete":25.5,"desconto":10.0,"valor_total_liquido":90.0,"cliente_id":24,"transportadora_id":14,"forma_pagto_id":14,"status_id":14},{"id":34,"produtos":[],"nome_cliente":"Pedro Junqueira","status":"Pagamento realizado","transportadora":"Nova Linea","forma_pagto":"Prazo","parcelas":2,"data_pedido":"2022-06-11","data_entrega":"2022-05-15","obs":"Observação","valor_total_bruto":100.0,"valor_frete":25.5,"desconto":10.0,"valor_total_liquido":90.0,"cliente_id":24,"transportadora_id":14,"forma_pagto_id":14,"status_id":14}],"tipo":1,"nome":"Pedro Junqueira","cpf_cnpj":"12345678","data_nascimento":"2000-02-09","telefone":"35984562541","email":"teste@teste.com","cep":"37904567","logradouro":"Rua teste","numero":"120","bairro":"bairro novo","complemento":"comple","cidade":"Franca","uf":"MG","observacoes":"Obs","ativo":true}]}</msg>
<status status="PASS" starttime="20220623 00:15:32.409" endtime="20220623 00:15:32.411"/>
</kw>
<status status="PASS" starttime="20220623 00:15:32.086" endtime="20220623 00:15:32.411"/>
</kw>
<status status="PASS" starttime="20220623 00:15:32.084" endtime="20220623 00:15:32.412"/>
</test>
<test id="s1-t3" name="Buscar todas Formas de Pagamento">
<kw name="Requisitar todas Formas de Pagamento" library="ResourceAPI">
<kw name="Get Request" library="RequestsLibrary">
<var>${RESPOSTA}</var>
<arg>API_AMOUR</arg>
<arg>FormaPagto</arg>
<doc>*DEPRECATED* Please use `GET On Session` instead.</doc>
<msg timestamp="20220623 00:15:32.415" level="WARN">Keyword 'RequestsLibrary.Get Request' is deprecated. Please use `GET On Session` instead.</msg>
<msg timestamp="20220623 00:15:32.615" level="INFO">GET Request : url=https://amouramour-api.herokuapp.com/FormaPagto 
 path_url=/FormaPagto 
 headers={'User-Agent': 'python-requests/2.27.1', 'Accept-Encoding': 'gzip, deflate', 'Accept': '*/*', 'Connection': 'keep-alive'} 
 body=None 
 </msg>
<msg timestamp="20220623 00:15:32.615" level="INFO">GET Response : url=https://amouramour-api.herokuapp.com/FormaPagto 
 status=200, reason=OK 
 headers={'Connection': 'keep-alive', 'Server': 'gunicorn', 'Date': 'Thu, 23 Jun 2022 03:15:32 GMT', 'Content-Type': 'application/json', 'Vary': 'Accept, Origin, Cookie', 'Allow': 'GET, POST, HEAD, OPTIONS', 'X-Frame-Options': 'DENY', 'Content-Length': '184', 'X-Content-Type-Options': 'nosniff', 'Referrer-Policy': 'same-origin', 'Cross-Origin-Opener-Policy': 'same-origin', 'Via': '1.1 vegur'} 
 body={"count":3,"next":null,"previous":null,"results":[{"id":14,"descricao":"Prazo","parcelas":2},{"id":24,"descricao":"A vista","parcelas":1},{"id":34,"descricao":"A vista","parcelas":3}]} 
 </msg>
<msg timestamp="20220623 00:15:32.615" level="INFO">C:\Users\rachi\AppData\Local\Programs\Python\Python310\lib\site-packages\urllib3\connectionpool.py:1043: InsecureRequestWarning: Unverified HTTPS request is being made to host 'amouramour-api.herokuapp.com'. Adding certificate verification is strongly advised. See: https://urllib3.readthedocs.io/en/1.26.x/advanced-usage.html#ssl-warnings
  warnings.warn(</msg>
<msg timestamp="20220623 00:15:32.617" level="INFO">${RESPOSTA} = &lt;Response [200]&gt;</msg>
<status status="PASS" starttime="20220623 00:15:32.415" endtime="20220623 00:15:32.617"/>
</kw>
<kw name="Log" library="BuiltIn">
<arg>${RESPOSTA.text}</arg>
<doc>Logs the given message with the given level.</doc>
<msg timestamp="20220623 00:15:32.619" level="INFO">{"count":3,"next":null,"previous":null,"results":[{"id":14,"descricao":"Prazo","parcelas":2},{"id":24,"descricao":"A vista","parcelas":1},{"id":34,"descricao":"A vista","parcelas":3}]}</msg>
<status status="PASS" starttime="20220623 00:15:32.617" endtime="20220623 00:15:32.619"/>
</kw>
<status status="PASS" starttime="20220623 00:15:32.415" endtime="20220623 00:15:32.619"/>
</kw>
<status status="PASS" starttime="20220623 00:15:32.414" endtime="20220623 00:15:32.620"/>
</test>
<test id="s1-t4" name="Buscar todas Transportadoras">
<kw name="Requisitar todas Transportadoras" library="ResourceAPI">
<kw name="Get Request" library="RequestsLibrary">
<var>${RESPOSTA}</var>
<arg>API_AMOUR</arg>
<arg>Transportadora</arg>
<doc>*DEPRECATED* Please use `GET On Session` instead.</doc>
<msg timestamp="20220623 00:15:32.625" level="WARN">Keyword 'RequestsLibrary.Get Request' is deprecated. Please use `GET On Session` instead.</msg>
<msg timestamp="20220623 00:15:32.819" level="INFO">GET Request : url=https://amouramour-api.herokuapp.com/Transportadora 
 path_url=/Transportadora 
 headers={'User-Agent': 'python-requests/2.27.1', 'Accept-Encoding': 'gzip, deflate', 'Accept': '*/*', 'Connection': 'keep-alive'} 
 body=None 
 </msg>
<msg timestamp="20220623 00:15:32.820" level="INFO">GET Response : url=https://amouramour-api.herokuapp.com/Transportadora 
 status=200, reason=OK 
 headers={'Connection': 'keep-alive', 'Server': 'gunicorn', 'Date': 'Thu, 23 Jun 2022 03:15:32 GMT', 'Content-Type': 'application/json', 'Vary': 'Accept, Origin, Cookie', 'Allow': 'GET, POST, HEAD, OPTIONS', 'X-Frame-Options': 'DENY', 'Content-Length': '180', 'X-Content-Type-Options': 'nosniff', 'Referrer-Policy': 'same-origin', 'Cross-Origin-Opener-Policy': 'same-origin', 'Via': '1.1 vegur'} 
 body={"count":4,"next":null,"previous":null,"results":[{"id":4,"nome":"Rodonaves"},{"id":14,"nome":"Nova Linea"},{"id":24,"nome":"Uau Transportes"},{"id":34,"nome":"Vixe Transportes"}]} 
 </msg>
<msg timestamp="20220623 00:15:32.820" level="INFO">C:\Users\rachi\AppData\Local\Programs\Python\Python310\lib\site-packages\urllib3\connectionpool.py:1043: InsecureRequestWarning: Unverified HTTPS request is being made to host 'amouramour-api.herokuapp.com'. Adding certificate verification is strongly advised. See: https://urllib3.readthedocs.io/en/1.26.x/advanced-usage.html#ssl-warnings
  warnings.warn(</msg>
<msg timestamp="20220623 00:15:32.822" level="INFO">${RESPOSTA} = &lt;Response [200]&gt;</msg>
<status status="PASS" starttime="20220623 00:15:32.625" endtime="20220623 00:15:32.822"/>
</kw>
<kw name="Log" library="BuiltIn">
<arg>${RESPOSTA.text}</arg>
<doc>Logs the given message with the given level.</doc>
<msg timestamp="20220623 00:15:32.825" level="INFO">{"count":4,"next":null,"previous":null,"results":[{"id":4,"nome":"Rodonaves"},{"id":14,"nome":"Nova Linea"},{"id":24,"nome":"Uau Transportes"},{"id":34,"nome":"Vixe Transportes"}]}</msg>
<status status="PASS" starttime="20220623 00:15:32.823" endtime="20220623 00:15:32.825"/>
</kw>
<status status="PASS" starttime="20220623 00:15:32.623" endtime="20220623 00:15:32.826"/>
</kw>
<status status="PASS" starttime="20220623 00:15:32.622" endtime="20220623 00:15:32.826"/>
</test>
<status status="PASS" starttime="20220623 00:15:22.894" endtime="20220623 00:15:32.831"/>
</suite>
<statistics>
<total>
<stat pass="4" fail="0" skip="0">All Tests</stat>
</total>
<tag>
</tag>
<suite>
<stat pass="4" fail="0" skip="0" id="s1" name="TesteCaseAPIAmourAmour">TesteCaseAPIAmourAmour</stat>
</suite>
</statistics>
<errors>
<msg timestamp="20220623 00:15:23.859" level="WARN">Keyword 'RequestsLibrary.Get Request' is deprecated. Please use `GET On Session` instead.</msg>
<msg timestamp="20220623 00:15:32.087" level="WARN">Keyword 'RequestsLibrary.Get Request' is deprecated. Please use `GET On Session` instead.</msg>
<msg timestamp="20220623 00:15:32.415" level="WARN">Keyword 'RequestsLibrary.Get Request' is deprecated. Please use `GET On Session` instead.</msg>
<msg timestamp="20220623 00:15:32.625" level="WARN">Keyword 'RequestsLibrary.Get Request' is deprecated. Please use `GET On Session` instead.</msg>
</errors>
</robot>
